[empowered-surprise-345534.framer.app/index.html]
[backblue.gif]
[fade.gif]
[index.html]
[framerusercontent.com/images/R3DZmylcjXIFxppxDVOpV4G2cLc.png]
[framerusercontent.com/assets/4X69lABKxVNjpvZnAzCvUmK81M.png]
[framerusercontent.com/images/PqQO6sXG2LdnBL2bFbWwJsC8c.png]
[framerusercontent.com/images/zD5YOAhzOzuOk015DU7X7qNNGI17f5.jpg]
[framerusercontent.com/images/71Lkazp81ZpTwq5E8mgETaQgA8.jpg]
[framerusercontent.com/images/lRrPICMkVKTOrJaQQBoCo6ZxxA17f5.jpg]
[framerusercontent.com/images/9TKZna4TfSaouPHKZ1nNGn5s417f5.jpg]
[framerusercontent.com/images/Br0m8k72i6obkxvmy0bdrdCw50Y.jpg]
[framerusercontent.com/images/nrqIEgf1W5B9CDS5cgXe8wqpMbf23.png]
[framerusercontent.com/images/ScOmNWPOLfXmHkEhlWgm363rnkM.gif]
[framerusercontent.com/images/HnhpxTHTAwE18VvuvNHTwCtdiZ4.jpg]
[framerusercontent.com/images/PUja2jlMhB77g7YskLJxlVzkBAA.jpg]
[framerusercontent.com/images/5P0eN6qtSxQg8Lrk6rw2GR9e7eI.jpg]
[framerusercontent.com/images/mq9JOvIg72thtIn9KKVbgBVY7nA.png]
[framerusercontent.com/images/gJyEtxJApt2EBOIROgux5XF9as.png]
[framerusercontent.com/images/6vPxJ4sweycvcgadEZSiAMKyVvo.png]
[framerusercontent.com/images/Bie4iprTYLC4TK8FOgqf8v0SjHI.png]
[framerusercontent.com/images/eyoJSKHfRNoMCUbQWLdsuzjzr3M.png]
[framerusercontent.com/images/qA9Bqdszu22YcEsyBNBLtf4qDY.png]
[framerusercontent.com/images/QxC6BNP4fhwX2TQILuw2AcDQzRw.png]
[framerusercontent.com/images/qEDQDJS2UXSw2O36wSdg984HyKE.png]
[empowered-surprise-345534.framer.app/index.html]
[empowered-surprise-345534.framer.app/&apos;data_image/svg+xml;utf8,_svg xmlns=_http_/www.w3.org/2000/svg_ xmlns_xlink=_http_/www.w3.org/1999/xlink_ viewBox=_0 0 81 54___g transform=_translate(5.623 4.html]
[empowered-surprise-345534.framer.app/&apos;data_image/svg+xml;utf8,_svg xmlns=_http_/www.w3.org/2000/svg_ xmlns_xlink=_http_/www.w3.org/1999/xlink_ viewBox=_0 0 206 54___g transform=_translate(23 18.html]
