[empowered-surprise-345534.framer.app/index.html]
[backblue.gif]
[fade.gif]
[index.html]
[framerusercontent.com/images/R3DZmylcjXIFxppxDVOpV4G2cLc.png]
[framerusercontent.com/images/PqQO6sXG2LdnBL2bFbWwJsC8c.png]
[framerusercontent.com/assets/4X69lABKxVNjpvZnAzCvUmK81M.png]
[framerusercontent.com/images/71Lkazp81ZpTwq5E8mgETaQgA8.jpg]
[framerusercontent.com/images/zD5YOAhzOzuOk015DU7X7qNNGI17f5.jpg]
[framerusercontent.com/images/lRrPICMkVKTOrJaQQBoCo6ZxxA17f5.jpg]
[framerusercontent.com/images/9TKZna4TfSaouPHKZ1nNGn5s417f5.jpg]
[framerusercontent.com/images/Br0m8k72i6obkxvmy0bdrdCw50Y.jpg]
[framerusercontent.com/images/nrqIEgf1W5B9CDS5cgXe8wqpMbf23.png]
[empowered-surprise-345534.framer.app/blog.html]
[framerusercontent.com/images/PUja2jlMhB77g7YskLJxlVzkBAA.jpg]
[framerusercontent.com/images/HnhpxTHTAwE18VvuvNHTwCtdiZ4.jpg]
[framerusercontent.com/images/5P0eN6qtSxQg8Lrk6rw2GR9e7eI.jpg]
[framerusercontent.com/images/ScOmNWPOLfXmHkEhlWgm363rnkM.gif]
[framerusercontent.com/images/gJyEtxJApt2EBOIROgux5XF9as.png]
[framerusercontent.com/images/6vPxJ4sweycvcgadEZSiAMKyVvo.png]
[framerusercontent.com/images/Bie4iprTYLC4TK8FOgqf8v0SjHI.png]
[framerusercontent.com/images/mq9JOvIg72thtIn9KKVbgBVY7nA.png]
[framerusercontent.com/images/eyoJSKHfRNoMCUbQWLdsuzjzr3M.png]
[framerusercontent.com/images/qA9Bqdszu22YcEsyBNBLtf4qDY.png]
[empowered-surprise-345534.framer.app/index.html]
[framerusercontent.com/images/QxC6BNP4fhwX2TQILuw2AcDQzRw.png]
[framerusercontent.com/images/qEDQDJS2UXSw2O36wSdg984HyKE.png]
[empowered-surprise-345534.framer.app/&apos;data_image/svg+xml;utf8,_svg xmlns=_http_/www.w3.org/2000/svg_ xmlns_xlink=_http_/www.w3.org/1999/xlink_ viewBox=_0 0 81 54___g transform=_translate(5.623 4.html]
[empowered-surprise-345534.framer.app/&apos;data_image/svg+xml;utf8,_svg xmlns=_http_/www.w3.org/2000/svg_ xmlns_xlink=_http_/www.w3.org/1999/xlink_ viewBox=_0 0 206 54___g transform=_translate(23 18.html]
[framerusercontent.com/images/MnBZ8Szs1Jv0a56zSLPp7jYfw.jpg]
[empowered-surprise-345534.framer.app/blog/starting-a-career-in-web-design.html]
[framerusercontent.com/images/64n4wnVJKDJspLlFZ6DarCP0M4.jpg]
[empowered-surprise-345534.framer.app/blog/create-a-landing-page-that-performs-great.html]
[framerusercontent.com/images/Rl7uGNBoQidNiG0BinP7yXCyw.jpg]
[empowered-surprise-345534.framer.app/blog/how-can-designers-prepare-for-the-future.html]
[framerusercontent.com/images/0cSPcD2tWYGinXwWUR7fJ2kgXGk.jpg]
[empowered-surprise-345534.framer.app/blog/building-a-navigation-component.html]
[framerusercontent.com/images/InuNHIQ0GzOduJG7DthhRGJV8fY.jpg]
[empowered-surprise-345534.framer.app/blog/how-to-create-an-effective-design-portfolio.html]
[framerusercontent.com/images/8yfgC6RHF3rdJakSSJjblRQVM.jpg]
[empowered-surprise-345534.framer.app/blog.html]
[empowered-surprise-345534.framer.app/blog/starting-a-career-in-web-design.html]
[empowered-surprise-345534.framer.app/blog/create-a-landing-page-that-performs-great.html]
[empowered-surprise-345534.framer.app/blog/how-can-designers-prepare-for-the-future.html]
[empowered-surprise-345534.framer.app/blog/building-a-navigation-component.html]
[empowered-surprise-345534.framer.app/blog/how-to-create-an-effective-design-portfolio.html]
